ToontownStart: Polling for game2 to finish...
ToontownStart: Game2 is finished.
ToontownStart: Starting the game.
ToontownStart: setting default font
ToontownStart: Loading default gui sounds
ToontownStart: serverVersion:  ttn-dev
NodePath.iPosHpr() is deprecated.
NodePath.iPosHpr() is deprecated.
local
Traceback (most recent call last):
  File "H:\Toontown\Toontown Sources\Toontown-Next\source\dependencies\panda\direct\distributed\ConnectionRepository.py", line 610, in readerPollUntilEmpty
    while self.readerPollOnce():
  File "H:\Toontown\Toontown Sources\Toontown-Next\source\dependencies\panda\direct\distributed\ConnectionRepository.py", line 617, in readerPollOnce
    self.handleDatagram(self.private__di)
  File "H:\Toontown\Toontown Sources\Toontown-Next\source\dependencies\panda\direct\showbase\PythonUtil.py", line 3562, in _exceptionLogged
    return f(*args, **kArgs)
  File "otp\distributed\OTPClientRepository.py", line 1867, in handleDatagram
    self.handleMessageType(msgType, di)
  File "otp\distributed\OTPClientRepository.py", line 1749, in handleMessageType
    self.handleGenerateWithRequiredOtherOwner(di)
  File "toontown\distributed\ToontownClientRepository.py", line 912, in handleGenerateWithRequiredOtherOwner
    self.handleAvatarResponseMsg(doId, di)
  File "toontown\distributed\ToontownClientRepository.py", line 367, in handleAvatarResponseMsg
    localAvatar.initInterface()
  File "toontown\toon\LocalToon.py", line 348, in initInterface
    self.optionsPage.load()
  File "toontown\shtiker\OptionsPage.py", line 143, in load
    self.optionsTabPage = OptionsTabPage(self)
  File "toontown\shtiker\OptionsPage.py", line 272, in __init__
    self.parent = parent
AttributeError: attribute 'parent' of 'panda3d.core.NodePath' objects is not writable
Traceback (most recent call last):
  File "otp\otpbase\OTPBase.py", line 234, in run
    taskMgr.run()
  File "H:\Toontown\Toontown Sources\Toontown-Next\source\dependencies\panda\direct\task\Task.py", line 514, in run
    self.step()
  File "H:\Toontown\Toontown Sources\Toontown-Next\source\dependencies\panda\direct\task\Task.py", line 468, in step
    self.mgr.poll()
  File "H:\Toontown\Toontown Sources\Toontown-Next\source\dependencies\panda\direct\distributed\ConnectionRepository.py", line 610, in readerPollUntilEmpty
    while self.readerPollOnce():
  File "H:\Toontown\Toontown Sources\Toontown-Next\source\dependencies\panda\direct\distributed\ConnectionRepository.py", line 617, in readerPollOnce
    self.handleDatagram(self.private__di)
  File "H:\Toontown\Toontown Sources\Toontown-Next\source\dependencies\panda\direct\showbase\PythonUtil.py", line 3562, in _exceptionLogged
    return f(*args, **kArgs)
  File "otp\distributed\OTPClientRepository.py", line 1867, in handleDatagram
    self.handleMessageType(msgType, di)
  File "otp\distributed\OTPClientRepository.py", line 1749, in handleMessageType
    self.handleGenerateWithRequiredOtherOwner(di)
  File "toontown\distributed\ToontownClientRepository.py", line 912, in handleGenerateWithRequiredOtherOwner
    self.handleAvatarResponseMsg(doId, di)
  File "toontown\distributed\ToontownClientRepository.py", line 367, in handleAvatarResponseMsg
    localAvatar.initInterface()
  File "toontown\toon\LocalToon.py", line 348, in initInterface
    self.optionsPage.load()
  File "toontown\shtiker\OptionsPage.py", line 143, in load
    self.optionsTabPage = OptionsTabPage(self)
  File "toontown\shtiker\OptionsPage.py", line 272, in __init__
    self.parent = parent
AttributeError: attribute 'parent' of 'panda3d.core.NodePath' objects is not writable
