ToontownStart: Polling for game2 to finish...
ToontownStart: Game2 is finished.
ToontownStart: Starting the game.
ToontownStart: setting default font
TTLocalizer: Running in language: english
ToontownStart: Loading default gui sounds
ToontownStart: serverVersion:  ttn-dev
NodePath.iPosHpr() is deprecated.
NodePath.iPosHpr() is deprecated.
NodePath.iPosHpr() is deprecated.
local
Traceback (most recent call last):
  File "H:\Toontown Sources\ttn\source\dependencies\panda\direct\distributed\ConnectionRepository.py", line 610, in readerPollUntilEmpty
    while self.readerPollOnce():
  File "H:\Toontown Sources\ttn\source\dependencies\panda\direct\distributed\ConnectionRepository.py", line 617, in readerPollOnce
    self.handleDatagram(self.private__di)
  File "H:\Toontown Sources\ttn\source\dependencies\panda\direct\showbase\PythonUtil.py", line 3562, in _exceptionLogged
    return f(*args, **kArgs)
  File "otp\distributed\OTPClientRepository.py", line 1867, in handleDatagram
    self.handleMessageType(msgType, di)
  File "otp\distributed\OTPClientRepository.py", line 1749, in handleMessageType
    self.handleGenerateWithRequiredOtherOwner(di)
  File "toontown\distributed\ToontownClientRepository.py", line 912, in handleGenerateWithRequiredOtherOwner
    self.handleAvatarResponseMsg(doId, di)
  File "toontown\distributed\ToontownClientRepository.py", line 367, in handleAvatarResponseMsg
    localAvatar.initInterface()
  File "toontown\toon\LocalToon.py", line 348, in initInterface
    self.optionsPage.load()
  File "toontown\shtiker\OptionsPage.py", line 65, in load
    self.optionsTabPage = OptionsTabPage(self)
  File "toontown\shtiker\OptionsPage.py", line 127, in __init__
    self.parent = parent
AttributeError: attribute 'parent' of 'panda3d.core.NodePath' objects is not writable
direct.gui.DirectGuiBase:1031, direct.gui.DirectFrame:57, toontown.toontowngui.ToontownLoadingScreen:51, toontown.toonbase.ToontownLoader:21, NameError: global name 'base' is not defined
Traceback (most recent call last):
  File "H:\Toontown Sources\ttn\source\dependencies\panda\python\lib\runpy.py", line 162, in _run_module_as_main
    "__main__", fname, loader, pkg_name)
  File "H:\Toontown Sources\ttn\source\dependencies\panda\python\lib\runpy.py", line 72, in _run_code
    exec code in run_globals
  File "H:\Toontown Sources\ttn\source\toontown\toonbase\ToontownStart.py", line 113, in <module>
    run()
  File "H:\Toontown Sources\ttn\source\dependencies\panda\direct\showbase\ShowBase.py", line 55, in legacyRun
    builtins.base.run()
  File "otp\otpbase\OTPBase.py", line 248, in run
    self.destroy()
  File "H:\Toontown Sources\ttn\source\dependencies\panda\direct\showbase\ShowBase.py", line 539, in destroy
    self.loader.destroy()
  File "toontown\toonbase\ToontownLoader.py", line 21, in destroy
    self.loadingScreen.destroy()
  File "toontown\toontowngui\ToontownLoadingScreen.py", line 51, in destroy
    self.tip.destroy()
  File "H:\Toontown Sources\ttn\source\dependencies\panda\direct\gui\DirectFrame.py", line 57, in destroy
    DirectGuiWidget.destroy(self)
  File "H:\Toontown Sources\ttn\source\dependencies\panda\direct\gui\DirectGuiBase.py", line 1031, in destroy
    if hasattr(base, 'guiItems'):
NameError: global name 'base' is not defined
