ToontownStart: Polling for game2 to finish...
ToontownStart: Game2 is finished.
ToontownStart: Starting the game.
ToontownStart: setting default font
ToontownStart: Loading default gui sounds
ToontownStart: serverVersion:  ttn-dev
NodePath.iPosHpr() is deprecated.
NodePath.iPosHpr() is deprecated.
Traceback (most recent call last):
  File "H:\Toontown\Toontown Sources\Toontown-Next\source\dependencies\panda\direct\distributed\ConnectionRepository.py", line 610, in readerPollUntilEmpty
    while self.readerPollOnce():
  File "H:\Toontown\Toontown Sources\Toontown-Next\source\dependencies\panda\direct\distributed\ConnectionRepository.py", line 617, in readerPollOnce
    self.handleDatagram(self.private__di)
  File "H:\Toontown\Toontown Sources\Toontown-Next\source\dependencies\panda\direct\showbase\PythonUtil.py", line 3562, in _exceptionLogged
    return f(*args, **kArgs)
  File "otp\distributed\OTPClientRepository.py", line 1867, in handleDatagram
    self.handleMessageType(msgType, di)
  File "otp\distributed\OTPClientRepository.py", line 1749, in handleMessageType
    self.handleGenerateWithRequiredOtherOwner(di)
  File "toontown\distributed\ToontownClientRepository.py", line 912, in handleGenerateWithRequiredOtherOwner
    self.handleAvatarResponseMsg(doId, di)
  File "toontown\distributed\ToontownClientRepository.py", line 350, in handleAvatarResponseMsg
    loader.beginBulkLoad('localAvatarPlayGame', OTPLocalizer.CREnteringToontown, 200, 1, TTLocalizer.TIP_GENERAL)
  File "toontown\toonbase\ToontownLoader.py", line 64, in beginBulkLoad
    self.loadingScreen.begin(range, label, gui, tipCategory)
  File "toontown\toontowngui\ToontownLoadingScreen.py", line 87, in begin
    self.name['text'] = ''
AttributeError: ToontownLoadingScreen instance has no attribute 'name'
Traceback (most recent call last):
  File "otp\otpbase\OTPBase.py", line 234, in run
    taskMgr.run()
  File "H:\Toontown\Toontown Sources\Toontown-Next\source\dependencies\panda\direct\task\Task.py", line 514, in run
    self.step()
  File "H:\Toontown\Toontown Sources\Toontown-Next\source\dependencies\panda\direct\task\Task.py", line 468, in step
    self.mgr.poll()
  File "H:\Toontown\Toontown Sources\Toontown-Next\source\dependencies\panda\direct\distributed\ConnectionRepository.py", line 610, in readerPollUntilEmpty
    while self.readerPollOnce():
  File "H:\Toontown\Toontown Sources\Toontown-Next\source\dependencies\panda\direct\distributed\ConnectionRepository.py", line 617, in readerPollOnce
    self.handleDatagram(self.private__di)
  File "H:\Toontown\Toontown Sources\Toontown-Next\source\dependencies\panda\direct\showbase\PythonUtil.py", line 3562, in _exceptionLogged
    return f(*args, **kArgs)
  File "otp\distributed\OTPClientRepository.py", line 1867, in handleDatagram
    self.handleMessageType(msgType, di)
  File "otp\distributed\OTPClientRepository.py", line 1749, in handleMessageType
    self.handleGenerateWithRequiredOtherOwner(di)
  File "toontown\distributed\ToontownClientRepository.py", line 912, in handleGenerateWithRequiredOtherOwner
    self.handleAvatarResponseMsg(doId, di)
  File "toontown\distributed\ToontownClientRepository.py", line 350, in handleAvatarResponseMsg
    loader.beginBulkLoad('localAvatarPlayGame', OTPLocalizer.CREnteringToontown, 200, 1, TTLocalizer.TIP_GENERAL)
  File "toontown\toonbase\ToontownLoader.py", line 64, in beginBulkLoad
    self.loadingScreen.begin(range, label, gui, tipCategory)
  File "toontown\toontowngui\ToontownLoadingScreen.py", line 87, in begin
    self.name['text'] = ''
AttributeError: ToontownLoadingScreen instance has no attribute 'name'
