ToontownStart: Polling for game2 to finish...
ToontownStart: Game2 is finished.
ToontownStart: Starting the game.
ToontownStart: setting default font
TTLocalizer: Running in language: english
Traceback (most recent call last):
  File "H:\Toontown Sources\ttn\source\dependencies\panda\python\lib\runpy.py", line 162, in _run_module_as_main
    "__main__", fname, loader, pkg_name)
  File "H:\Toontown Sources\ttn\source\dependencies\panda\python\lib\runpy.py", line 72, in _run_code
    exec code in run_globals
  File "H:\Toontown Sources\ttn\source\toontown\toonbase\ToontownStart.py", line 45, in <module>
    ToonBase.ToonBase()
  File "toontown\toonbase\ToonBase.py", line 68, in __init__
    self.loader = ToontownLoader.ToontownLoader(self)
  File "toontown\toonbase\ToontownLoader.py", line 16, in __init__
    self.loadingScreen = ToontownLoadingScreen.ToontownLoadingScreen()
  File "toontown\toontowngui\ToontownLoadingScreen.py", line 22, in __init__
    screen = loader.loadModel('phase_3/models/gui/progress-background')
  File "H:\Toontown Sources\ttn\source\dependencies\panda\direct\showbase\Loader.py", line 170, in loadModel
    raise IOError(message)
IOError: Could not load model file(s): ['phase_3/models/gui/progress-background']
