ToontownStart: Polling for game2 to finish...
ToontownStart: Game2 is finished.
ToontownStart: Starting the game.
ToontownStart: setting default font
ToontownStart: Loading default gui sounds
ToontownStart: serverVersion:  ttn-dev
NodePath.iPosHpr() is deprecated.
NodePath.iPosHpr() is deprecated.
local
NodePath.iPosHpr() is deprecated.
NodePath.iPosHpr() is deprecated.
NodePath.iPosHpr() is deprecated.
NodePath.iPosHpr() is deprecated.
NodePath.iPosHpr() is deprecated.
NodePath.iPosHpr() is deprecated.
NodePath.iPosHpr() is deprecated.
NodePath.iPosHpr() is deprecated.
NodePath.iPosHpr() is deprecated.
16
21
14
19
18
13
22
OnscreenText.configure: mayChange == 0
OnscreenText.configure: mayChange == 0
OnscreenText.configure: mayChange == 0
OnscreenText.configure: mayChange == 0
NodePath.iPosHpr() is deprecated.
NodePath.iPosHpr() is deprecated.
NodePath.iPosHpr() is deprecated.
NodePath.iPosHpr() is deprecated.
NodePath.iPosHpr() is deprecated.
NodePath.iPosHpr() is deprecated.
NodePath.iPosHpr() is deprecated.
NodePath.iPosHpr() is deprecated.
NodePath.iPosHpr() is deprecated.
8
6
10
