ToontownStart: Polling for game2 to finish...
ToontownStart: Game2 is finished.
ToontownStart: Starting the game.
ToontownStart: setting default font
ToontownStart: Loading default gui sounds
ToontownStart: serverVersion:  ttn-dev
Traceback (most recent call last):
  File "H:\Toontown\Toontown Sources\Toontown-Next\source\dependencies\panda\python\lib\runpy.py", line 162, in _run_module_as_main
    "__main__", fname, loader, pkg_name)
  File "H:\Toontown\Toontown Sources\Toontown-Next\source\dependencies\panda\python\lib\runpy.py", line 72, in _run_code
    exec code in run_globals
  File "H:\Toontown\Toontown Sources\Toontown-Next\source\toontown\toonbase\ToontownStart.py", line 87, in <module>
    from toontown.distributed import ToontownClientRepository
  File "toontown\distributed\ToontownClientRepository.py", line 43, in <module>
    from toontown.pets import DistributedPet, PetDetail, PetHandle
  File "toontown\pets\DistributedPet.py", line 11, in <module>
    from toontown.pets import Pet, PetBase, PetTraits, PetConstants, PetManager, PetAvatarPanel
  File "toontown\pets\PetTraits.py", line 114, in <module>
    class PetTraits:
  File "toontown\pets\PetTraits.py", line 116, in PetTraits
    class StdIncDistrib(TraitDistribution):
  File "toontown\pets\PetTraits.py", line 119, in StdIncDistrib
    ToontownGlobals.DrearyDocks: (0.3, 0.7),
AttributeError: 'module' object has no attribute 'DrearyDocks'
