ToontownStart: Polling for game2 to finish...
ToontownStart: Game2 is finished.
ToontownStart: Starting the game.
ToontownStart: setting default font
TTLocalizer: Running in language: english
ToontownStart: Loading default gui sounds
ToontownStart: serverVersion:  ttn-dev
Traceback (most recent call last):
  File "H:\Toontown Sources\ttn\source\dependencies\panda\python\lib\runpy.py", line 162, in _run_module_as_main
    "__main__", fname, loader, pkg_name)
  File "H:\Toontown Sources\ttn\source\dependencies\panda\python\lib\runpy.py", line 72, in _run_code
    exec code in run_globals
  File "H:\Toontown Sources\ttn\source\toontown\toonbase\ToontownStart.py", line 84, in <module>
    loader.beginBulkLoad('init', TTLocalizer.LoaderLabel, 138, 0, TTLocalizer.TIP_NONE)
  File "toontown\toonbase\ToontownLoader.py", line 64, in beginBulkLoad
    self.loadingScreen.begin(range, label, gui, tipCategory)
TypeError: begin() takes exactly 6 arguments (5 given)
Error in atexit._run_exitfuncs:
Traceback (most recent call last):
  File "H:\Toontown Sources\ttn\source\dependencies\panda\python\lib\atexit.py", line 24, in _run_exitfuncs
    func(*targs, **kargs)
  File "H:\Toontown Sources\ttn\source\dependencies\panda\direct\showbase\ShowBase.py", line 60, in exitfunc
    builtins.base.destroy()
  File "H:\Toontown Sources\ttn\source\dependencies\panda\direct\showbase\ShowBase.py", line 539, in destroy
    self.loader.destroy()
  File "toontown\toonbase\ToontownLoader.py", line 21, in destroy
    self.loadingScreen.destroy()
  File "toontown\toontowngui\ToontownLoadingScreen.py", line 35, in destroy
    self.tip.destroy()
  File "H:\Toontown Sources\ttn\source\dependencies\panda\direct\gui\DirectFrame.py", line 57, in destroy
    DirectGuiWidget.destroy(self)
  File "H:\Toontown Sources\ttn\source\dependencies\panda\direct\gui\DirectGuiBase.py", line 1031, in destroy
    if hasattr(base, 'guiItems'):
NameError: global name 'base' is not defined
Error in sys.exitfunc:
Traceback (most recent call last):
  File "H:\Toontown Sources\ttn\source\dependencies\panda\python\lib\atexit.py", line 24, in _run_exitfuncs
    func(*targs, **kargs)
  File "H:\Toontown Sources\ttn\source\dependencies\panda\direct\showbase\ShowBase.py", line 60, in exitfunc
    builtins.base.destroy()
  File "H:\Toontown Sources\ttn\source\dependencies\panda\direct\showbase\ShowBase.py", line 539, in destroy
    self.loader.destroy()
  File "toontown\toonbase\ToontownLoader.py", line 21, in destroy
    self.loadingScreen.destroy()
  File "toontown\toontowngui\ToontownLoadingScreen.py", line 35, in destroy
    self.tip.destroy()
  File "H:\Toontown Sources\ttn\source\dependencies\panda\direct\gui\DirectFrame.py", line 57, in destroy
    DirectGuiWidget.destroy(self)
  File "H:\Toontown Sources\ttn\source\dependencies\panda\direct\gui\DirectGuiBase.py", line 1031, in destroy
    if hasattr(base, 'guiItems'):
NameError: global name 'base' is not defined
