ToontownStart: Polling for game2 to finish...
ToontownStart: Game2 is finished.
ToontownStart: Starting the game.
ToontownStart: setting default font
ToontownStart: Loading default gui sounds
ToontownStart: serverVersion:  ttn-dev
Traceback (most recent call last):
  File "H:\Toontown\Toontown Sources\Toontown-Next\source\dependencies\panda\python\lib\runpy.py", line 162, in _run_module_as_main
    "__main__", fname, loader, pkg_name)
  File "H:\Toontown\Toontown Sources\Toontown-Next\source\dependencies\panda\python\lib\runpy.py", line 72, in _run_code
    exec code in run_globals
  File "H:\Toontown\Toontown Sources\Toontown-Next\source\toontown\toonbase\ToontownStart.py", line 87, in <module>
    from toontown.distributed import ToontownClientRepository
  File "toontown\distributed\ToontownClientRepository.py", line 36, in <module>
    from toontown.friends import FriendsListPanel
  File "toontown\friends\FriendsListPanel.py", line 5, in <module>
    from toontown.toon import ToonAvatarPanel
  File "toontown\toon\ToonAvatarPanel.py", line 14, in <module>
    import ToonAvatarDetailPanel
  File "toontown\toon\ToonAvatarDetailPanel.py", line 9, in <module>
    import DistributedToon
  File "toontown\toon\DistributedToon.py", line 26, in <module>
    from toontown.shtiker.OptionsPage import speedChatStyles
  File "toontown\shtiker\OptionsPage.py", line 9, in <module>
    import OptionChooser
ImportError: No module named OptionChooser
