ToontownStart: Polling for game2 to finish...
ToontownStart: Game2 is finished.
ToontownStart: Starting the game.
ToontownStart: setting default font
ToontownStart: Loading default gui sounds
ToontownStart: serverVersion:  ttn-dev
NodePath.iPosHpr() is deprecated.
NodePath.iPosHpr() is deprecated.
local
Traceback (most recent call last):
  File "H:\Toontown\Toontown Sources\Toontown-Next\source\dependencies\panda\direct\distributed\ConnectionRepository.py", line 610, in readerPollUntilEmpty
    while self.readerPollOnce():
  File "H:\Toontown\Toontown Sources\Toontown-Next\source\dependencies\panda\direct\distributed\ConnectionRepository.py", line 617, in readerPollOnce
    self.handleDatagram(self.private__di)
  File "H:\Toontown\Toontown Sources\Toontown-Next\source\dependencies\panda\direct\showbase\PythonUtil.py", line 3562, in _exceptionLogged
    return f(*args, **kArgs)
  File "otp\distributed\OTPClientRepository.py", line 1870, in handleDatagram
    self.handler(msgType, di)
  File "otp\distributed\OTPClientRepository.py", line 1469, in handlePlayGame
    self.handleGenerateWithRequired(di)
  File "otp\distributed\OTPClientRepository.py", line 1929, in handleGenerateWithRequired
    distObj = self.generateWithRequiredFields(dclass, doId, di, parentId, zoneId)
  File "H:\Toontown\Toontown Sources\Toontown-Next\source\dependencies\panda\direct\distributed\ClientRepositoryBase.py", line 262, in generateWithRequiredFields
    distObj.generate()
  File "toontown\fishing\DistributedPondBingoManager.py", line 46, in generate
    self.card = BingoCardGui.BingoCardGui()
  File "toontown\fishing\BingoCardGui.py", line 35, in __init__
    self.parent = parent
AttributeError: attribute 'parent' of 'panda3d.core.NodePath' objects is not writable
Traceback (most recent call last):
  File "otp\otpbase\OTPBase.py", line 234, in run
    taskMgr.run()
  File "H:\Toontown\Toontown Sources\Toontown-Next\source\dependencies\panda\direct\task\Task.py", line 514, in run
    self.step()
  File "H:\Toontown\Toontown Sources\Toontown-Next\source\dependencies\panda\direct\task\Task.py", line 468, in step
    self.mgr.poll()
  File "H:\Toontown\Toontown Sources\Toontown-Next\source\dependencies\panda\direct\distributed\ConnectionRepository.py", line 610, in readerPollUntilEmpty
    while self.readerPollOnce():
  File "H:\Toontown\Toontown Sources\Toontown-Next\source\dependencies\panda\direct\distributed\ConnectionRepository.py", line 617, in readerPollOnce
    self.handleDatagram(self.private__di)
  File "H:\Toontown\Toontown Sources\Toontown-Next\source\dependencies\panda\direct\showbase\PythonUtil.py", line 3562, in _exceptionLogged
    return f(*args, **kArgs)
  File "otp\distributed\OTPClientRepository.py", line 1870, in handleDatagram
    self.handler(msgType, di)
  File "otp\distributed\OTPClientRepository.py", line 1469, in handlePlayGame
    self.handleGenerateWithRequired(di)
  File "otp\distributed\OTPClientRepository.py", line 1929, in handleGenerateWithRequired
    distObj = self.generateWithRequiredFields(dclass, doId, di, parentId, zoneId)
  File "H:\Toontown\Toontown Sources\Toontown-Next\source\dependencies\panda\direct\distributed\ClientRepositoryBase.py", line 262, in generateWithRequiredFields
    distObj.generate()
  File "toontown\fishing\DistributedPondBingoManager.py", line 46, in generate
    self.card = BingoCardGui.BingoCardGui()
  File "toontown\fishing\BingoCardGui.py", line 35, in __init__
    self.parent = parent
AttributeError: attribute 'parent' of 'panda3d.core.NodePath' objects is not writable
